2025-10-05 16:00:36,391 - INFO - Starting email reminder check...
2025-10-05 16:00:36,391 - INFO - Created default config file: email_config.json
2025-10-05 16:00:36,391 - INFO - Starting daily reminder check...
2025-10-05 16:00:36,650 - INFO - Loaded 64 records from Excel file
2025-10-05 16:00:37,011 - ERROR - Failed to send email: [SSL: CERTIFICATE_VERIFY_FAILED] certificate verify failed: unable to get local issuer certificate (_ssl.c:1000)
2025-10-05 16:00:37,013 - INFO - Sent 0 reminders today
2025-10-05 16:00:37,014 - INFO - Daily check completed. Sent 0 reminders.
2025-10-05 16:00:37,014 - INFO - Email reminder check completed successfully!
2025-10-05 16:01:10,583 - INFO - Starting email reminder check...
2025-10-05 16:01:10,584 - INFO - Starting daily reminder check...
2025-10-05 16:01:10,668 - INFO - Loaded 64 records from Excel file
2025-10-05 16:01:10,997 - ERROR - Failed to send email: [SSL: CERTIFICATE_VERIFY_FAILED] certificate verify failed: unable to get local issuer certificate (_ssl.c:1000)
2025-10-05 16:01:11,002 - INFO - Sent 0 reminders today
2025-10-05 16:01:11,002 - INFO - Daily check completed. Sent 0 reminders.
2025-10-05 16:01:11,002 - INFO - Email reminder check completed successfully!
2025-10-05 16:01:42,361 - INFO - Starting email reminder check...
2025-10-05 16:01:42,362 - INFO - Starting daily reminder check...
2025-10-05 16:01:42,441 - INFO - Loaded 64 records from Excel file
2025-10-05 16:01:42,837 - ERROR - Failed to send email: [SSL: CERTIFICATE_VERIFY_FAILED] certificate verify failed: unable to get local issuer certificate (_ssl.c:1000)
2025-10-05 16:01:42,844 - INFO - Sent 0 reminders today
2025-10-05 16:01:42,844 - INFO - Daily check completed. Sent 0 reminders.
2025-10-05 16:01:42,844 - INFO - Email reminder check completed successfully!
2025-10-05 16:02:02,879 - INFO - Starting email reminder check...
2025-10-05 16:02:02,880 - INFO - Starting daily reminder check...
2025-10-05 16:02:02,956 - INFO - Loaded 64 records from Excel file
2025-10-05 16:02:03,313 - ERROR - Failed to send email: [SSL: CERTIFICATE_VERIFY_FAILED] certificate verify failed: unable to get local issuer certificate (_ssl.c:1000)
2025-10-05 16:02:03,317 - INFO - Sent 0 reminders today
2025-10-05 16:02:03,318 - INFO - Daily check completed. Sent 0 reminders.
2025-10-05 16:02:03,318 - INFO - Email reminder check completed successfully!
2025-10-05 16:02:17,167 - INFO - Starting email reminder check...
2025-10-05 16:02:17,167 - INFO - Starting daily reminder check...
2025-10-05 16:02:17,291 - INFO - Loaded 64 records from Excel file
2025-10-05 16:02:23,303 - ERROR - Failed to send email: (535, b'5.7.139 Authentication unsuccessful, SmtpClientAuthentication is disabled for the Tenant. Visit https://aka.ms/smtp_auth_disabled for more information. [MW4P221CA0022.NAMP221.PROD.OUTLOOK.COM 2025-10-05T23:02:23.384Z 08DE04342F3DFFEF]')
2025-10-05 16:02:23,306 - INFO - Sent 0 reminders today
2025-10-05 16:02:23,306 - INFO - Daily check completed. Sent 0 reminders.
2025-10-05 16:02:23,306 - INFO - Email reminder check completed successfully!
2025-10-05 16:02:36,637 - INFO - Starting email reminder check...
2025-10-05 16:02:36,638 - INFO - Starting daily reminder check...
2025-10-05 16:02:36,725 - INFO - Loaded 64 records from Excel file
2025-10-05 16:02:42,700 - ERROR - Failed to send email: (535, b'5.7.139 Authentication unsuccessful, SmtpClientAuthentication is disabled for the Tenant. Visit https://aka.ms/smtp_auth_disabled for more information. [MW4PR04CA0264.namprd04.prod.outlook.com 2025-10-05T23:02:42.749Z 08DE04085269D1A9]')
2025-10-05 16:02:42,705 - INFO - Sent 0 reminders today
2025-10-05 16:02:42,705 - INFO - Daily check completed. Sent 0 reminders.
2025-10-05 16:02:42,705 - INFO - Email reminder check completed successfully!
2025-10-05 16:03:29,464 - INFO - Starting email reminder check...
2025-10-05 16:03:29,465 - INFO - Starting daily reminder check...
2025-10-05 16:03:29,550 - INFO - Loaded 64 records from Excel file
2025-10-05 16:03:35,643 - ERROR - Failed to send email: (535, b'5.7.139 Authentication unsuccessful, basic authentication is disabled. [MW4PR04CA0062.namprd04.prod.outlook.com 2025-10-05T23:03:35.724Z 08DE029A8E6DE507]')
2025-10-05 16:03:35,651 - INFO - Sent 0 reminders today
2025-10-05 16:03:35,651 - INFO - Daily check completed. Sent 0 reminders.
2025-10-05 16:03:35,652 - INFO - Email reminder check completed successfully!
2025-10-05 16:03:50,278 - INFO - Starting email reminder check...
2025-10-05 16:03:50,279 - INFO - Starting daily reminder check...
2025-10-05 16:03:50,358 - INFO - Loaded 64 records from Excel file
2025-10-05 16:03:56,523 - ERROR - Failed to send email: (535, b'5.7.139 Authentication unsuccessful, basic authentication is disabled. [MW4PR03CA0030.namprd03.prod.outlook.com 2025-10-05T23:03:56.607Z 08DE03EFA846DF69]')
2025-10-05 16:03:56,527 - INFO - Sent 0 reminders today
2025-10-05 16:03:56,527 - INFO - Daily check completed. Sent 0 reminders.
2025-10-05 16:03:56,527 - INFO - Email reminder check completed successfully!
2025-10-05 16:04:27,202 - INFO - Starting email reminder check...
2025-10-05 16:04:27,202 - INFO - Starting daily reminder check...
2025-10-05 16:04:27,292 - INFO - Loaded 64 records from Excel file
2025-10-05 16:04:28,704 - ERROR - Failed to send email: (535, b'5.7.8 Username and Password not accepted. For more information, go to\n5.7.8  https://support.google.com/mail/?p=BadCredentials 98e67ed59e1d1-339c4a32212sm8760206a91.14 - gsmtp')
2025-10-05 16:04:28,709 - INFO - Sent 0 reminders today
2025-10-05 16:04:28,709 - INFO - Daily check completed. Sent 0 reminders.
2025-10-05 16:04:28,709 - INFO - Email reminder check completed successfully!
2025-10-05 16:06:15,660 - INFO - Starting email reminder check...
2025-10-05 16:06:15,660 - INFO - Starting daily reminder check...
2025-10-05 16:06:15,755 - INFO - Loaded 64 records from Excel file
2025-10-05 16:06:21,302 - ERROR - Failed to send email: (535, b'5.7.3 Authentication unsuccessful')
2025-10-05 16:06:21,307 - INFO - Sent 0 reminders today
2025-10-05 16:06:21,307 - INFO - Daily check completed. Sent 0 reminders.
2025-10-05 16:06:21,307 - INFO - Email reminder check completed successfully!
2025-10-05 16:06:56,160 - INFO - Starting email reminder check...
2025-10-05 16:06:56,160 - INFO - Starting daily reminder check...
2025-10-05 16:06:56,214 - INFO - Loaded 64 records from Excel file
2025-10-05 16:06:58,478 - INFO - Email sent successfully to 2 recipients
2025-10-05 16:06:58,478 - INFO - Sent 2_days_before reminder for Event
2025-10-05 16:06:58,486 - INFO - Sent 1 reminders today
2025-10-05 16:06:58,487 - INFO - Daily check completed. Sent 1 reminders.
2025-10-05 16:06:58,487 - INFO - Email reminder check completed successfully!
2025-10-05 16:14:57,127 - INFO - Starting email reminder check...
2025-10-05 16:14:57,127 - INFO - Starting daily reminder check...
2025-10-05 16:14:57,184 - INFO - Loaded 64 records from Excel file
2025-10-05 16:14:58,393 - INFO - Email sent successfully to 2 recipients
2025-10-05 16:14:58,393 - INFO - Sent 2_days_before reminder for Health Data and Visualization
2025-10-05 16:14:58,397 - INFO - Sent 1 reminders today
2025-10-05 16:14:58,397 - INFO - Daily check completed. Sent 1 reminders.
2025-10-05 16:14:58,397 - INFO - Email reminder check completed successfully!
2025-10-05 16:19:01,090 - INFO - Starting email reminder check...
2025-10-05 16:19:01,091 - INFO - Starting daily reminder check...
2025-10-05 16:19:01,188 - INFO - Loaded 64 records from Excel file
2025-10-05 16:19:04,273 - INFO - Email sent successfully to 2 recipients
2025-10-05 16:19:04,274 - INFO - Sent 2_days_before reminder for Health Data and Visualization
2025-10-05 16:19:04,278 - INFO - Sent 1 reminders today
2025-10-05 16:19:04,278 - INFO - Daily check completed. Sent 1 reminders.
2025-10-05 16:19:04,278 - INFO - Email reminder check completed successfully!
2025-10-05 17:56:48,256 - INFO - Starting email reminder check...
2025-10-05 17:56:48,256 - INFO - Starting daily reminder check...
2025-10-05 17:56:48,385 - INFO - Loaded 64 records from Excel file
2025-10-05 17:56:49,982 - INFO - Email sent successfully to 2 recipients
2025-10-05 17:56:49,983 - INFO - Sent 2_days_before reminder for Health Data and Visualization
2025-10-05 17:56:49,991 - INFO - Sent 1 reminders today
2025-10-05 17:56:49,991 - INFO - Daily check completed. Sent 1 reminders.
2025-10-05 17:56:49,992 - INFO - Email reminder check completed successfully!
2025-10-05 18:00:03,082 - INFO - Starting email reminder check...
2025-10-05 18:00:03,082 - INFO - Starting daily reminder check...
2025-10-05 18:00:03,172 - INFO - Loaded 64 records from Excel file
2025-10-05 18:00:09,099 - INFO - Email sent successfully to 2 recipients
2025-10-05 18:00:09,100 - INFO - Sent 2_days_before reminder for Health Data and Visualization
2025-10-05 18:00:09,104 - INFO - Sent 1 reminders today
2025-10-05 18:00:09,104 - INFO - Daily check completed. Sent 1 reminders.
2025-10-05 18:00:09,104 - INFO - Email reminder check completed successfully!
2025-10-05 18:02:14,395 - INFO - Starting email reminder check...
2025-10-05 18:02:14,396 - INFO - Starting daily reminder check...
2025-10-05 18:02:14,481 - INFO - Loaded 64 records from Excel file
2025-10-05 18:02:15,361 - INFO - Email sent successfully to 2 recipients
2025-10-05 18:02:15,361 - INFO - Sent 2_days_before reminder for Health Data and Visualization
2025-10-05 18:02:15,369 - INFO - Sent 1 reminders today
2025-10-05 18:02:15,369 - INFO - Daily check completed. Sent 1 reminders.
2025-10-05 18:02:15,369 - INFO - Email reminder check completed successfully!
